[1/38] Processing SRR31972716...
  - Running flagstat...
  - Running samtools stats...
  - Calculating insert size distribution...
  - Counting reads...
    Total reads: 10334282
    Mapped reads: 9991612 (96.00%)
  - Calculating fragment length statistics...
    Mean insert size: 0 bp
[2/38] Processing SRR31972717...
  - Running flagstat...
  - Running samtools stats...
  - Calculating insert size distribution...
  - Counting reads...
    Total reads: 28534900
    Mapped reads: 28017988 (98.00%)
  - Calculating fragment length statistics...
    Mean insert size: 0 bp
[3/38] Processing SRR31972718...
  - Running flagstat...
  - Running samtools stats...
  - Calculating insert size distribution...
  - Counting reads...
    Total reads: 11233260
    Mapped reads: 10905436 (97.00%)
  - Calculating fragment length statistics...
    Mean insert size: 0 bp
[4/38] Processing SRR31972719...
  - Running flagstat...
  - Running samtools stats...
  - Calculating insert size distribution...
  - Counting reads...
    Total reads: 9816022
    Mapped reads: 9586524 (97.00%)
  - Calculating fragment length statistics...
    Mean insert size: 0 bp
[5/38] Processing SRR31972720...
  - Running flagstat...
  - Running samtools stats...
  - Calculating insert size distribution...
  - Counting reads...
    Total reads: 21316164
    Mapped reads: 20865532 (97.00%)
  - Calculating fragment length statistics...
    Mean insert size: 0 bp
[6/38] Processing SRR31972721...
  - Running flagstat...
  - Running samtools stats...
  - Calculating insert size distribution...
  - Counting reads...
    Total reads: 6314788
    Mapped reads: 6132388 (97.00%)
  - Calculating fragment length statistics...
    Mean insert size: 0 bp
[7/38] Processing SRR31972722...
  - Running flagstat...
  - Running samtools stats...
  - Calculating insert size distribution...
  - Counting reads...
    Total reads: 25140108
    Mapped reads: 24070830 (95.00%)
  - Calculating fragment length statistics...
    Mean insert size: 0 bp
[8/38] Processing SRR31972723...
  - Running flagstat...
  - Running samtools stats...
  - Calculating insert size distribution...
  - Counting reads...
    Total reads: 10357116
    Mapped reads: 9969326 (96.00%)
  - Calculating fragment length statistics...
    Mean insert size: 0 bp
[9/38] Processing SRR31972724...
  - Running flagstat...
  - Running samtools stats...
  - Calculating insert size distribution...
  - Counting reads...
    Total reads: 181619908
    Mapped reads: 154915956 (85.00%)
  - Calculating fragment length statistics...
    Mean insert size: 0 bp
[10/38] Processing SRR31972725...
  - Running flagstat...
  - Running samtools stats...
  - Calculating insert size distribution...
  - Counting reads...
    Total reads: 27940910
    Mapped reads: 27372682 (97.00%)
  - Calculating fragment length statistics...
    Mean insert size: 0 bp
[11/38] Processing SRR31972726...
  - Running flagstat...
  - Running samtools stats...
  - Calculating insert size distribution...
  - Counting reads...
    Total reads: 19823208
    Mapped reads: 19495450 (98.00%)
  - Calculating fragment length statistics...
    Mean insert size: 0 bp
[12/38] Processing SRR31972727...
  - Running flagstat...
  - Running samtools stats...
  - Calculating insert size distribution...
  - Counting reads...
    Total reads: 68932616
    Mapped reads: 68011530 (98.00%)
  - Calculating fragment length statistics...
    Mean insert size: 0 bp
[13/38] Processing SRR31972728...
  - Running flagstat...
  - Running samtools stats...
  - Calculating insert size distribution...
  - Counting reads...
    Total reads: 293236124
    Mapped reads: 254363310 (86.00%)
  - Calculating fragment length statistics...
    Mean insert size: 0 bp
[14/38] Processing SRR31972729...
  - Running flagstat...
  - Running samtools stats...
  - Calculating insert size distribution...
  - Counting reads...
    Total reads: 18990056
    Mapped reads: 18418548 (96.00%)
  - Calculating fragment length statistics...
    Mean insert size: 0 bp
[15/38] Processing SRR31972730...
  - Running flagstat...
  - Running samtools stats...
  - Calculating insert size distribution...
  - Counting reads...
    Total reads: 50041016
    Mapped reads: 49239680 (98.00%)
  - Calculating fragment length statistics...
    Mean insert size: 0 bp
[16/38] Processing SRR31972731...
  - Running flagstat...
  - Running samtools stats...
  - Calculating insert size distribution...
  - Counting reads...
    Total reads: 18842428
    Mapped reads: 18298014 (97.00%)
  - Calculating fragment length statistics...
    Mean insert size: 0 bp
[17/38] Processing SRR31972732...
  - Running flagstat...
  - Running samtools stats...
  - Calculating insert size distribution...
  - Counting reads...
    Total reads: 21200840
    Mapped reads: 20702556 (97.00%)
  - Calculating fragment length statistics...
    Mean insert size: 0 bp
[18/38] Processing SRR31972733...
  - Running flagstat...
  - Running samtools stats...
  - Calculating insert size distribution...
  - Counting reads...
    Total reads: 17043162
    Mapped reads: 16571524 (97.00%)
  - Calculating fragment length statistics...
    Mean insert size: 0 bp
[19/38] Processing SRR31972734...
  - Running flagstat...
  - Running samtools stats...
  - Calculating insert size distribution...
  - Counting reads...
    Total reads: 3601634
    Mapped reads: 3523828 (97.00%)
  - Calculating fragment length statistics...
    Mean insert size: 0 bp
[20/38] Processing SRR31972735...
  - Running flagstat...
  - Running samtools stats...
  - Calculating insert size distribution...
  - Counting reads...
    Total reads: 7189352
    Mapped reads: 7055362 (98.00%)
  - Calculating fragment length statistics...
    Mean insert size: 0 bp
[21/38] Processing SRR31972736...
  - Running flagstat...
  - Running samtools stats...
  - Calculating insert size distribution...
  - Counting reads...
    Total reads: 2950892
    Mapped reads: 2886462 (97.00%)
  - Calculating fragment length statistics...
    Mean insert size: 0 bp
[22/38] Processing SRR31972737...
  - Running flagstat...
  - Running samtools stats...
  - Calculating insert size distribution...
  - Counting reads...
    Total reads: 15821428
    Mapped reads: 15419308 (97.00%)
  - Calculating fragment length statistics...
    Mean insert size: 0 bp
[23/38] Processing SRR31972738...
  - Running flagstat...
  - Running samtools stats...
  - Calculating insert size distribution...
  - Counting reads...
    Total reads: 18784626
    Mapped reads: 17714204 (94.00%)
  - Calculating fragment length statistics...
    Mean insert size: 0 bp
[24/38] Processing SRR31972739...
  - Running flagstat...
  - Running samtools stats...
  - Calculating insert size distribution...
  - Counting reads...
    Total reads: 14765222
    Mapped reads: 13943734 (94.00%)
  - Calculating fragment length statistics...
    Mean insert size: 0 bp
[25/38] Processing SRR31972740...
  - Running flagstat...
  - Running samtools stats...
  - Calculating insert size distribution...
  - Counting reads...
    Total reads: 19580474
    Mapped reads: 17347152 (88.00%)
  - Calculating fragment length statistics...
    Mean insert size: 0 bp
[26/38] Processing SRR31972741...
  - Running flagstat...
  - Running samtools stats...
  - Calculating insert size distribution...
  - Counting reads...
    Total reads: 13250958
    Mapped reads: 11582532 (87.00%)
  - Calculating fragment length statistics...
    Mean insert size: 0 bp
[27/38] Processing SRR31972742...
  - Running flagstat...
  - Running samtools stats...
  - Calculating insert size distribution...
  - Counting reads...
    Total reads: 11926150
    Mapped reads: 10547150 (88.00%)
  - Calculating fragment length statistics...
    Mean insert size: 0 bp
[28/38] Processing SRR31972743...
  - Running flagstat...
  - Running samtools stats...
  - Calculating insert size distribution...
  - Counting reads...
    Total reads: 12839712
    Mapped reads: 11752710 (91.00%)
  - Calculating fragment length statistics...
    Mean insert size: 0 bp
[29/38] Processing SRR31972744...
  - Running flagstat...
  - Running samtools stats...
  - Calculating insert size distribution...
  - Counting reads...
    Total reads: 17509254
    Mapped reads: 15919962 (90.00%)
  - Calculating fragment length statistics...
    Mean insert size: 0 bp
[30/38] Processing SRR31972745...
  - Running flagstat...
  - Running samtools stats...
  - Calculating insert size distribution...
  - Counting reads...
    Total reads: 4306730
    Mapped reads: 4218242 (97.00%)
  - Calculating fragment length statistics...
    Mean insert size: 0 bp
[31/38] Processing SRR31972746...
  - Running flagstat...
  - Running samtools stats...
  - Calculating insert size distribution...
  - Counting reads...
    Total reads: 5467578
    Mapped reads: 5327190 (97.00%)
  - Calculating fragment length statistics...
    Mean insert size: 0 bp
[32/38] Processing SRR31972747...
  - Running flagstat...
  - Running samtools stats...
  - Calculating insert size distribution...
  - Counting reads...
    Total reads: 12758352
    Mapped reads: 12445064 (97.00%)
  - Calculating fragment length statistics...
    Mean insert size: 0 bp
[33/38] Processing SRR31972748...
  - Running flagstat...
  - Running samtools stats...
  - Calculating insert size distribution...
  - Counting reads...
    Total reads: 35951722
    Mapped reads: 35355798 (98.00%)
  - Calculating fragment length statistics...
    Mean insert size: 0 bp
[34/38] Processing SRR31972749...
  - Running flagstat...
  - Running samtools stats...
  - Calculating insert size distribution...
  - Counting reads...
    Total reads: 8760972
    Mapped reads: 8576770 (97.00%)
  - Calculating fragment length statistics...
    Mean insert size: 0 bp
[35/38] Processing SRR31972750...
  - Running flagstat...
  - Running samtools stats...
  - Calculating insert size distribution...
  - Counting reads...
    Total reads: 18389702
    Mapped reads: 18040392 (98.00%)
  - Calculating fragment length statistics...
    Mean insert size: 0 bp
[36/38] Processing SRR31972751...
  - Running flagstat...
  - Running samtools stats...
  - Calculating insert size distribution...
  - Counting reads...
    Total reads: 42698106
    Mapped reads: 41692016 (97.00%)
  - Calculating fragment length statistics...
    Mean insert size: 0 bp
[37/38] Processing SRR31972752...
  - Running flagstat...
  - Running samtools stats...
  - Calculating insert size distribution...
  - Counting reads...
    Total reads: 7844166
    Mapped reads: 7507150 (95.00%)
  - Calculating fragment length statistics...
    Mean insert size: 0 bp
[38/38] Processing SRR31972753...
  - Running flagstat...
  - Running samtools stats...
  - Calculating insert size distribution...
  - Counting reads...
    Total reads: 17498678
    Mapped reads: 16017814 (91.00%)
  - Calculating fragment length statistics...
    Mean insert size: 0 bp
BAM QC Complete!

Output files generated:
  - Flagstat reports: /N/project/Krolab/isabella/data/bam-qc/*_flagstat.txt
  - Detailed stats: /N/project/Krolab/isabella/data/bam-qc/samtools_stats/*_stats.txt
  - Insert size distribution: /N/project/Krolab/isabella/data/bam-qc/*_insert_size_dist.txt
